E:\DYSKGOOGLE\COMPUTER GRAPHICS\EXERCISE01\02561-01-04\DEBUG\INITSHADER.OBJ
E:\DYSKGOOGLE\COMPUTER GRAPHICS\EXERCISE01\02561-01-04\DEBUG\MAIN-01-04.OBJ
E:\DYSKGOOGLE\COMPUTER GRAPHICS\EXERCISE01\02561-01-04\DEBUG\VC110.PDB
E:\DYSKGOOGLE\COMPUTER GRAPHICS\EXERCISE01\DEBUG\02561-01-04.ILK
E:\DYSKGOOGLE\COMPUTER GRAPHICS\EXERCISE01\DEBUG\02561-01-04.EXE
E:\DYSKGOOGLE\COMPUTER GRAPHICS\EXERCISE01\DEBUG\02561-01-04.PDB
E:\DyskGoogle\Computer Graphics\Exercise01\02561-01-04\Debug\InitShader.obj
E:\DyskGoogle\Computer Graphics\Exercise01\02561-01-04\Debug\main-01-04.obj
E:\DyskGoogle\Computer Graphics\Exercise01\02561-01-04\Debug\cl.command.1.tlog
E:\DyskGoogle\Computer Graphics\Exercise01\02561-01-04\Debug\CL.read.1.tlog
E:\DyskGoogle\Computer Graphics\Exercise01\02561-01-04\Debug\CL.write.1.tlog
E:\DyskGoogle\Computer Graphics\Exercise01\02561-01-04\Debug\link-cvtres.read.1.tlog
E:\DyskGoogle\Computer Graphics\Exercise01\02561-01-04\Debug\link-cvtres.write.1.tlog
E:\DyskGoogle\Computer Graphics\Exercise01\02561-01-04\Debug\link-rc.read.1.tlog
E:\DyskGoogle\Computer Graphics\Exercise01\02561-01-04\Debug\link-rc.write.1.tlog
E:\DyskGoogle\Computer Graphics\Exercise01\02561-01-04\Debug\link.1524-cvtres.read.1.tlog
E:\DyskGoogle\Computer Graphics\Exercise01\02561-01-04\Debug\link.1524-cvtres.write.1.tlog
E:\DyskGoogle\Computer Graphics\Exercise01\02561-01-04\Debug\link.1524-rc.read.1.tlog
E:\DyskGoogle\Computer Graphics\Exercise01\02561-01-04\Debug\link.1524-rc.write.1.tlog
E:\DyskGoogle\Computer Graphics\Exercise01\02561-01-04\Debug\link.1524.read.1.tlog
E:\DyskGoogle\Computer Graphics\Exercise01\02561-01-04\Debug\link.1524.write.1.tlog
E:\DyskGoogle\Computer Graphics\Exercise01\02561-01-04\Debug\link.2284-cvtres.read.1.tlog
E:\DyskGoogle\Computer Graphics\Exercise01\02561-01-04\Debug\link.2284-cvtres.write.1.tlog
E:\DyskGoogle\Computer Graphics\Exercise01\02561-01-04\Debug\link.2284-rc.read.1.tlog
E:\DyskGoogle\Computer Graphics\Exercise01\02561-01-04\Debug\link.2284-rc.write.1.tlog
E:\DyskGoogle\Computer Graphics\Exercise01\02561-01-04\Debug\link.2284.read.1.tlog
E:\DyskGoogle\Computer Graphics\Exercise01\02561-01-04\Debug\link.2284.write.1.tlog
E:\DyskGoogle\Computer Graphics\Exercise01\02561-01-04\Debug\link.8748-cvtres.read.1.tlog
E:\DyskGoogle\Computer Graphics\Exercise01\02561-01-04\Debug\link.8748-cvtres.write.1.tlog
E:\DyskGoogle\Computer Graphics\Exercise01\02561-01-04\Debug\link.8748-rc.read.1.tlog
E:\DyskGoogle\Computer Graphics\Exercise01\02561-01-04\Debug\link.8748-rc.write.1.tlog
E:\DyskGoogle\Computer Graphics\Exercise01\02561-01-04\Debug\link.8748.read.1.tlog
E:\DyskGoogle\Computer Graphics\Exercise01\02561-01-04\Debug\link.8748.write.1.tlog
E:\DyskGoogle\Computer Graphics\Exercise01\02561-01-04\Debug\link.command.1.tlog
E:\DyskGoogle\Computer Graphics\Exercise01\02561-01-04\Debug\link.read.1.tlog
E:\DyskGoogle\Computer Graphics\Exercise01\02561-01-04\Debug\link.write.1.tlog
E:\DyskGoogle\Computer Graphics\Exercise01\02561-01-04\Debug\vc110.idb
E:\DyskGoogle\Computer Graphics\Exercise01\02561-01-04\Debug\vc110.pdb
E:\DyskGoogle\Computer Graphics\Exercise01\Debug\02561-01-04.pdb
E:\DyskGoogle\Computer Graphics\Exercise01\Debug\02561-01-04.exe
E:\DyskGoogle\Computer Graphics\Exercise01\Debug\02561-01-04.ilk
