Build started 2014-09-10 17:44:19.
     1>Project "E:\DyskGoogle\Computer Graphics\Exercise01\02561-01-07\02561-01-07.vcxproj" on node 2 (Build target(s)).
     1>ClCompile:
         C:\Program Files (x86)\Microsoft Visual Studio 11.0\VC\bin\CL.exe /c /IAngel /I../dependencies/include/ /ZI /nologo /W4 /WX- /Od /Oy- /D _CRT_SECURE_NO_WARNINGS /D WIN32 /D _DEBUG /D _CONSOLE /Gm /EHsc /RTC1 /MDd /GS /fp:precise /Zc:wchar_t /Zc:forScope /Fo"Debug\\" /Fd"Debug\vc110.pdb" /Gd /TP /analyze- /errorReport:prompt "main-01-07.cpp"
         main-01-07.cpp
     1>e:\dyskgoogle\computer graphics\exercise01\02561-01-07\angel\angel.h(74): warning C4305: 'initializing' : truncation from 'double' to 'const GLfloat'
     1>e:\dyskgoogle\computer graphics\exercise01\02561-01-07\angel\mat.h(590): warning C4127: conditional expression is constant
     1>e:\dyskgoogle\computer graphics\exercise01\02561-01-07\angel\mat.h(707): warning C4244: '=' : conversion from 'double' to 'GLfloat', possible loss of data
     1>e:\dyskgoogle\computer graphics\exercise01\02561-01-07\angel\mat.h(708): warning C4244: '=' : conversion from 'double' to 'GLfloat', possible loss of data
     1>e:\dyskgoogle\computer graphics\exercise01\02561-01-07\angel\mat.h(709): warning C4244: '=' : conversion from 'double' to 'GLfloat', possible loss of data
     1>e:\dyskgoogle\computer graphics\exercise01\02561-01-07\angel\mat.h(730): warning C4244: '=' : conversion from 'double' to 'GLfloat', possible loss of data
     1>e:\dyskgoogle\computer graphics\exercise01\02561-01-07\angel\mat.h(732): warning C4244: '=' : conversion from 'double' to 'GLfloat', possible loss of data
     1>e:\dyskgoogle\computer graphics\exercise01\02561-01-07\angel\mat.h(735): warning C4244: '=' : conversion from 'double' to 'GLfloat', possible loss of data
     1>e:\dyskgoogle\computer graphics\exercise01\02561-01-07\angel\mat.h(753): warning C4244: '=' : conversion from 'double' to 'GLfloat', possible loss of data
     1>e:\dyskgoogle\computer graphics\exercise01\02561-01-07\angel\mat.h(805): warning C4127: conditional expression is constant
     1>e:\dyskgoogle\computer graphics\exercise01\02561-01-07\angel\mat.h(812): warning C4127: conditional expression is constant
     1>e:\dyskgoogle\computer graphics\exercise01\02561-01-07\angel\mat.h(819): warning C4127: conditional expression is constant
     1>e:\dyskgoogle\computer graphics\exercise01\02561-01-07\angel\mat.h(827): warning C4127: conditional expression is constant
     1>e:\dyskgoogle\computer graphics\exercise01\dependencies\include\gl\freeglut_std.h(618): warning C4505: 'glutCreateMenu_ATEXIT_HACK' : unreferenced local function has been removed
     1>e:\dyskgoogle\computer graphics\exercise01\02561-01-07\angel\checkerror.h(39): warning C4701: potentially uninitialized local variable 'msg' used
     1>e:\dyskgoogle\computer graphics\exercise01\02561-01-07\angel\checkerror.h(39): warning C4703: potentially uninitialized local pointer variable 'msg' used
       Link:
         C:\Program Files (x86)\Microsoft Visual Studio 11.0\VC\bin\link.exe /ERRORREPORT:PROMPT /OUT:"E:\DyskGoogle\Computer Graphics\Exercise01\Debug\02561-01-07.exe" /INCREMENTAL /NOLOGO ../dependencies/lib/glew32.lib ../dependencies/lib/freeglut.lib kernel32.lib user32.lib gdi32.lib winspool.lib comdlg32.lib advapi32.lib shell32.lib ole32.lib oleaut32.lib uuid.lib odbc32.lib odbccp32.lib /MANIFEST /MANIFESTUAC:"level='asInvoker' uiAccess='false'" /manifest:embed /DEBUG /PDB:"E:\DyskGoogle\Computer Graphics\Exercise01\Debug\02561-01-07.pdb" /SUBSYSTEM:CONSOLE /TLBID:1 /DYNAMICBASE /NXCOMPAT /IMPLIB:"E:\DyskGoogle\Computer Graphics\Exercise01\Debug\02561-01-07.lib" /MACHINE:X86 Debug\InitShader.obj
         "Debug\main-01-07.obj"
         02561-01-07.vcxproj -> E:\DyskGoogle\Computer Graphics\Exercise01\Debug\02561-01-07.exe
     1>Done Building Project "E:\DyskGoogle\Computer Graphics\Exercise01\02561-01-07\02561-01-07.vcxproj" (Build target(s)).

Build succeeded.

Time Elapsed 00:00:01.24
