E:\DYSKGOOGLE\COMPUTER GRAPHICS\EXERCISE01\02561-01-07\DEBUG\INITSHADER.OBJ
E:\DYSKGOOGLE\COMPUTER GRAPHICS\EXERCISE01\02561-01-07\DEBUG\MAIN-01-07.OBJ
E:\DYSKGOOGLE\COMPUTER GRAPHICS\EXERCISE01\02561-01-07\DEBUG\VC110.PDB
E:\DYSKGOOGLE\COMPUTER GRAPHICS\EXERCISE01\DEBUG\02561-01-07.ILK
E:\DYSKGOOGLE\COMPUTER GRAPHICS\EXERCISE01\DEBUG\02561-01-07.EXE
E:\DYSKGOOGLE\COMPUTER GRAPHICS\EXERCISE01\DEBUG\02561-01-07.PDB
E:\DyskGoogle\Computer Graphics\Exercise01\02561-01-07\Debug\InitShader.obj
E:\DyskGoogle\Computer Graphics\Exercise01\02561-01-07\Debug\main-01-07.obj
E:\DyskGoogle\Computer Graphics\Exercise01\02561-01-07\Debug\cl.command.1.tlog
E:\DyskGoogle\Computer Graphics\Exercise01\02561-01-07\Debug\CL.read.1.tlog
E:\DyskGoogle\Computer Graphics\Exercise01\02561-01-07\Debug\CL.write.1.tlog
E:\DyskGoogle\Computer Graphics\Exercise01\02561-01-07\Debug\link-cvtres.read.1.tlog
E:\DyskGoogle\Computer Graphics\Exercise01\02561-01-07\Debug\link-cvtres.write.1.tlog
E:\DyskGoogle\Computer Graphics\Exercise01\02561-01-07\Debug\link-rc.read.1.tlog
E:\DyskGoogle\Computer Graphics\Exercise01\02561-01-07\Debug\link-rc.write.1.tlog
E:\DyskGoogle\Computer Graphics\Exercise01\02561-01-07\Debug\link.command.1.tlog
E:\DyskGoogle\Computer Graphics\Exercise01\02561-01-07\Debug\link.read.1.tlog
E:\DyskGoogle\Computer Graphics\Exercise01\02561-01-07\Debug\link.write.1.tlog
E:\DyskGoogle\Computer Graphics\Exercise01\02561-01-07\Debug\vc110.idb
E:\DyskGoogle\Computer Graphics\Exercise01\02561-01-07\Debug\vc110.pdb
E:\DyskGoogle\Computer Graphics\Exercise01\Debug\02561-01-07.pdb
E:\DyskGoogle\Computer Graphics\Exercise01\Debug\02561-01-07.exe
E:\DyskGoogle\Computer Graphics\Exercise01\Debug\02561-01-07.ilk
