E:\DYSKGOOGLE\COMPUTER GRAPHICS\EXERCISE01\02561-01-05\DEBUG\INITSHADER.OBJ
E:\DYSKGOOGLE\COMPUTER GRAPHICS\EXERCISE01\02561-01-05\DEBUG\MAIN-01-05.OBJ
E:\DYSKGOOGLE\COMPUTER GRAPHICS\EXERCISE01\02561-01-05\DEBUG\VC110.PDB
E:\DYSKGOOGLE\COMPUTER GRAPHICS\EXERCISE01\DEBUG\02561-01-05.ILK
E:\DYSKGOOGLE\COMPUTER GRAPHICS\EXERCISE01\DEBUG\02561-01-05.EXE
E:\DYSKGOOGLE\COMPUTER GRAPHICS\EXERCISE01\DEBUG\02561-01-05.PDB
E:\DyskGoogle\Computer Graphics\Exercise01\02561-01-05\Debug\InitShader.obj
E:\DyskGoogle\Computer Graphics\Exercise01\02561-01-05\Debug\main-01-05.obj
E:\DyskGoogle\Computer Graphics\Exercise01\02561-01-05\Debug\cl.command.1.tlog
E:\DyskGoogle\Computer Graphics\Exercise01\02561-01-05\Debug\CL.read.1.tlog
E:\DyskGoogle\Computer Graphics\Exercise01\02561-01-05\Debug\CL.write.1.tlog
E:\DyskGoogle\Computer Graphics\Exercise01\02561-01-05\Debug\link-cvtres.read.1.tlog
E:\DyskGoogle\Computer Graphics\Exercise01\02561-01-05\Debug\link-cvtres.write.1.tlog
E:\DyskGoogle\Computer Graphics\Exercise01\02561-01-05\Debug\link-rc.read.1.tlog
E:\DyskGoogle\Computer Graphics\Exercise01\02561-01-05\Debug\link-rc.write.1.tlog
E:\DyskGoogle\Computer Graphics\Exercise01\02561-01-05\Debug\link.4928-cvtres.read.1.tlog
E:\DyskGoogle\Computer Graphics\Exercise01\02561-01-05\Debug\link.4928-cvtres.write.1.tlog
E:\DyskGoogle\Computer Graphics\Exercise01\02561-01-05\Debug\link.4928-rc.read.1.tlog
E:\DyskGoogle\Computer Graphics\Exercise01\02561-01-05\Debug\link.4928-rc.write.1.tlog
E:\DyskGoogle\Computer Graphics\Exercise01\02561-01-05\Debug\link.4928.read.1.tlog
E:\DyskGoogle\Computer Graphics\Exercise01\02561-01-05\Debug\link.4928.write.1.tlog
E:\DyskGoogle\Computer Graphics\Exercise01\02561-01-05\Debug\link.8208-cvtres.read.1.tlog
E:\DyskGoogle\Computer Graphics\Exercise01\02561-01-05\Debug\link.8208-cvtres.write.1.tlog
E:\DyskGoogle\Computer Graphics\Exercise01\02561-01-05\Debug\link.8208-rc.read.1.tlog
E:\DyskGoogle\Computer Graphics\Exercise01\02561-01-05\Debug\link.8208-rc.write.1.tlog
E:\DyskGoogle\Computer Graphics\Exercise01\02561-01-05\Debug\link.8208.read.1.tlog
E:\DyskGoogle\Computer Graphics\Exercise01\02561-01-05\Debug\link.8208.write.1.tlog
E:\DyskGoogle\Computer Graphics\Exercise01\02561-01-05\Debug\link.8932-cvtres.read.1.tlog
E:\DyskGoogle\Computer Graphics\Exercise01\02561-01-05\Debug\link.8932-cvtres.write.1.tlog
E:\DyskGoogle\Computer Graphics\Exercise01\02561-01-05\Debug\link.8932-rc.read.1.tlog
E:\DyskGoogle\Computer Graphics\Exercise01\02561-01-05\Debug\link.8932-rc.write.1.tlog
E:\DyskGoogle\Computer Graphics\Exercise01\02561-01-05\Debug\link.8932.read.1.tlog
E:\DyskGoogle\Computer Graphics\Exercise01\02561-01-05\Debug\link.8932.write.1.tlog
E:\DyskGoogle\Computer Graphics\Exercise01\02561-01-05\Debug\link.command.1.tlog
E:\DyskGoogle\Computer Graphics\Exercise01\02561-01-05\Debug\link.read.1.tlog
E:\DyskGoogle\Computer Graphics\Exercise01\02561-01-05\Debug\link.write.1.tlog
E:\DyskGoogle\Computer Graphics\Exercise01\02561-01-05\Debug\vc110.idb
E:\DyskGoogle\Computer Graphics\Exercise01\02561-01-05\Debug\vc110.pdb
E:\DyskGoogle\Computer Graphics\Exercise01\Debug\02561-01-05.pdb
E:\DyskGoogle\Computer Graphics\Exercise01\Debug\02561-01-05.exe
E:\DyskGoogle\Computer Graphics\Exercise01\Debug\02561-01-05.ilk
