E:\DYSKGOOGLE\COMPUTER GRAPHICS\EXERCISE01\02561-01-01\DEBUG\INITSHADER.OBJ
E:\DYSKGOOGLE\COMPUTER GRAPHICS\EXERCISE01\02561-01-01\DEBUG\MAIN-01-01.OBJ
E:\DYSKGOOGLE\COMPUTER GRAPHICS\EXERCISE01\02561-01-01\DEBUG\VC110.PDB
E:\DYSKGOOGLE\COMPUTER GRAPHICS\EXERCISE01\DEBUG\02561-01-01.ILK
E:\DYSKGOOGLE\COMPUTER GRAPHICS\EXERCISE01\DEBUG\02561-01-01.EXE
E:\DYSKGOOGLE\COMPUTER GRAPHICS\EXERCISE01\DEBUG\02561-01-01.PDB
E:\DyskGoogle\Computer Graphics\Exercise01\02561-01-01\Debug\InitShader.obj
E:\DyskGoogle\Computer Graphics\Exercise01\02561-01-01\Debug\main-01-01.obj
E:\DyskGoogle\Computer Graphics\Exercise01\02561-01-01\Debug\cl.command.1.tlog
E:\DyskGoogle\Computer Graphics\Exercise01\02561-01-01\Debug\CL.read.1.tlog
E:\DyskGoogle\Computer Graphics\Exercise01\02561-01-01\Debug\CL.write.1.tlog
E:\DyskGoogle\Computer Graphics\Exercise01\02561-01-01\Debug\link-cvtres.read.1.tlog
E:\DyskGoogle\Computer Graphics\Exercise01\02561-01-01\Debug\link-cvtres.write.1.tlog
E:\DyskGoogle\Computer Graphics\Exercise01\02561-01-01\Debug\link-rc.read.1.tlog
E:\DyskGoogle\Computer Graphics\Exercise01\02561-01-01\Debug\link-rc.write.1.tlog
E:\DyskGoogle\Computer Graphics\Exercise01\02561-01-01\Debug\link.command.1.tlog
E:\DyskGoogle\Computer Graphics\Exercise01\02561-01-01\Debug\link.read.1.tlog
E:\DyskGoogle\Computer Graphics\Exercise01\02561-01-01\Debug\link.write.1.tlog
E:\DyskGoogle\Computer Graphics\Exercise01\02561-01-01\Debug\vc110.idb
E:\DyskGoogle\Computer Graphics\Exercise01\02561-01-01\Debug\vc110.pdb
E:\DyskGoogle\Computer Graphics\Exercise01\Debug\02561-01-01.pdb
E:\DyskGoogle\Computer Graphics\Exercise01\Debug\02561-01-01.exe
E:\DyskGoogle\Computer Graphics\Exercise01\Debug\02561-01-01.ilk
