E:\DYSKGOOGLE\COMPUTER GRAPHICS\EXERCISE01\02561-01-02\DEBUG\INITSHADER.OBJ
E:\DYSKGOOGLE\COMPUTER GRAPHICS\EXERCISE01\02561-01-02\DEBUG\MAIN-01-02.OBJ
E:\DYSKGOOGLE\COMPUTER GRAPHICS\EXERCISE01\02561-01-02\DEBUG\VC110.PDB
E:\DYSKGOOGLE\COMPUTER GRAPHICS\EXERCISE01\DEBUG\02561-01-02.ILK
E:\DYSKGOOGLE\COMPUTER GRAPHICS\EXERCISE01\DEBUG\02561-01-02.EXE
E:\DYSKGOOGLE\COMPUTER GRAPHICS\EXERCISE01\DEBUG\02561-01-02.PDB
E:\DyskGoogle\Computer Graphics\Exercise01\02561-01-02\Debug\InitShader.obj
E:\DyskGoogle\Computer Graphics\Exercise01\02561-01-02\Debug\main-01-02.obj
E:\DyskGoogle\Computer Graphics\Exercise01\02561-01-02\Debug\cl.command.1.tlog
E:\DyskGoogle\Computer Graphics\Exercise01\02561-01-02\Debug\CL.read.1.tlog
E:\DyskGoogle\Computer Graphics\Exercise01\02561-01-02\Debug\CL.write.1.tlog
E:\DyskGoogle\Computer Graphics\Exercise01\02561-01-02\Debug\link-cvtres.read.1.tlog
E:\DyskGoogle\Computer Graphics\Exercise01\02561-01-02\Debug\link-cvtres.write.1.tlog
E:\DyskGoogle\Computer Graphics\Exercise01\02561-01-02\Debug\link-rc.read.1.tlog
E:\DyskGoogle\Computer Graphics\Exercise01\02561-01-02\Debug\link-rc.write.1.tlog
E:\DyskGoogle\Computer Graphics\Exercise01\02561-01-02\Debug\link.command.1.tlog
E:\DyskGoogle\Computer Graphics\Exercise01\02561-01-02\Debug\link.read.1.tlog
E:\DyskGoogle\Computer Graphics\Exercise01\02561-01-02\Debug\link.write.1.tlog
E:\DyskGoogle\Computer Graphics\Exercise01\02561-01-02\Debug\vc110.idb
E:\DyskGoogle\Computer Graphics\Exercise01\02561-01-02\Debug\vc110.pdb
E:\DyskGoogle\Computer Graphics\Exercise01\Debug\02561-01-02.pdb
E:\DyskGoogle\Computer Graphics\Exercise01\Debug\02561-01-02.exe
E:\DyskGoogle\Computer Graphics\Exercise01\Debug\02561-01-02.ilk
